[2021-07-06 04:32:48,372] {taskinstance.py:876} INFO - Dependencies all met for <TaskInstance: hello_world.hello_task 2021-07-05T03:00:00+00:00 [queued]>
[2021-07-06 04:32:48,392] {taskinstance.py:876} INFO - Dependencies all met for <TaskInstance: hello_world.hello_task 2021-07-05T03:00:00+00:00 [queued]>
[2021-07-06 04:32:48,393] {taskinstance.py:1067} INFO - 
--------------------------------------------------------------------------------
[2021-07-06 04:32:48,393] {taskinstance.py:1068} INFO - Starting attempt 1 of 1
[2021-07-06 04:32:48,394] {taskinstance.py:1069} INFO - 
--------------------------------------------------------------------------------
[2021-07-06 04:32:48,403] {taskinstance.py:1087} INFO - Executing <Task(PythonOperator): hello_task> on 2021-07-05T03:00:00+00:00
[2021-07-06 04:32:48,408] {standard_task_runner.py:52} INFO - Started process 580 to run task
[2021-07-06 04:32:48,411] {standard_task_runner.py:76} INFO - Running: ['airflow', 'tasks', 'run', 'hello_world', 'hello_task', '2021-07-05T03:00:00+00:00', '--job-id', '10', '--pool', 'default_pool', '--raw', '--subdir', 'DAGS_FOLDER/hello.py', '--cfg-path', '/tmp/tmphbrpzby0', '--error-file', '/tmp/tmpgjuhjunq']
[2021-07-06 04:32:48,413] {standard_task_runner.py:77} INFO - Job 10: Subtask hello_task
[2021-07-06 04:32:48,454] {logging_mixin.py:104} INFO - Running <TaskInstance: hello_world.hello_task 2021-07-05T03:00:00+00:00 [running]> on host e4c2a6f3dcfb
[2021-07-06 04:32:48,517] {taskinstance.py:1282} INFO - Exporting the following env vars:
AIRFLOW_CTX_DAG_OWNER=airflow
AIRFLOW_CTX_DAG_ID=hello_world
AIRFLOW_CTX_TASK_ID=hello_task
AIRFLOW_CTX_EXECUTION_DATE=2021-07-05T03:00:00+00:00
AIRFLOW_CTX_DAG_RUN_ID=scheduled__2021-07-05T03:00:00+00:00
[2021-07-06 04:32:48,518] {python.py:151} INFO - Done. Returned value was: Hello world!
[2021-07-06 04:32:48,555] {taskinstance.py:1191} INFO - Marking task as SUCCESS. dag_id=hello_world, task_id=hello_task, execution_date=20210705T03***, start_date=20210706T043248, end_date=20210706T043248
[2021-07-06 04:32:48,624] {taskinstance.py:1245} INFO - 0 downstream tasks scheduled from follow-on schedule check
[2021-07-06 04:32:48,663] {local_task_job.py:151} INFO - Task exited with return code 0
