[2021-07-08 07:17:13,519] {taskinstance.py:876} INFO - Dependencies all met for <TaskInstance: batch.pythonoperator 2021-03-01T07:15:00+00:00 [queued]>
[2021-07-08 07:17:13,535] {taskinstance.py:876} INFO - Dependencies all met for <TaskInstance: batch.pythonoperator 2021-03-01T07:15:00+00:00 [queued]>
[2021-07-08 07:17:13,535] {taskinstance.py:1067} INFO - 
--------------------------------------------------------------------------------
[2021-07-08 07:17:13,535] {taskinstance.py:1068} INFO - Starting attempt 1 of 1
[2021-07-08 07:17:13,536] {taskinstance.py:1069} INFO - 
--------------------------------------------------------------------------------
[2021-07-08 07:17:13,544] {taskinstance.py:1087} INFO - Executing <Task(PythonOperator): pythonoperator> on 2021-03-01T07:15:00+00:00
[2021-07-08 07:17:13,550] {standard_task_runner.py:52} INFO - Started process 52070 to run task
[2021-07-08 07:17:13,553] {standard_task_runner.py:76} INFO - Running: ['airflow', 'tasks', 'run', 'batch', 'pythonoperator', '2021-03-01T07:15:00+00:00', '--job-id', '1639', '--pool', 'default_pool', '--raw', '--subdir', 'DAGS_FOLDER/Batch_test_operators.py', '--cfg-path', '/tmp/tmpy12qh_7r', '--error-file', '/tmp/tmpb2zzssga']
[2021-07-08 07:17:13,555] {standard_task_runner.py:77} INFO - Job 1639: Subtask pythonoperator
[2021-07-08 07:17:13,596] {logging_mixin.py:104} INFO - Running <TaskInstance: batch.pythonoperator 2021-03-01T07:15:00+00:00 [running]> on host e4c2a6f3dcfb
[2021-07-08 07:17:13,647] {taskinstance.py:1282} INFO - Exporting the following env vars:
AIRFLOW_CTX_DAG_OWNER=airflow
AIRFLOW_CTX_DAG_ID=batch
AIRFLOW_CTX_TASK_ID=pythonoperator
AIRFLOW_CTX_EXECUTION_DATE=2021-03-01T07:15:00+00:00
AIRFLOW_CTX_DAG_RUN_ID=scheduled__2021-03-01T07:15:00+00:00
[2021-07-08 07:17:13,648] {logging_mixin.py:104} INFO - ============================================================
[2021-07-08 07:17:13,648] {logging_mixin.py:104} INFO - seconds:10
[2021-07-08 07:17:13,648] {logging_mixin.py:104} INFO - ============================================================
[2021-07-08 07:17:13,648] {taskinstance.py:1481} ERROR - Task failed with exception
Traceback (most recent call last):
  File "/usr/local/lib/python3.6/dist-packages/airflow/models/taskinstance.py", line 1137, in _run_raw_task
    self._prepare_and_execute_task_with_callbacks(context, task)
  File "/usr/local/lib/python3.6/dist-packages/airflow/models/taskinstance.py", line 1311, in _prepare_and_execute_task_with_callbacks
    result = self._execute_task(context, task_copy)
  File "/usr/local/lib/python3.6/dist-packages/airflow/models/taskinstance.py", line 1341, in _execute_task
    result = task_copy.execute(context=context)
  File "/usr/local/lib/python3.6/dist-packages/airflow/operators/python.py", line 150, in execute
    return_value = self.execute_callable()
  File "/usr/local/lib/python3.6/dist-packages/airflow/operators/python.py", line 161, in execute_callable
    return self.python_callable(*self.op_args, **self.op_kwargs)
  File "/home/pyspark/airflow/dags/Batch_test_operators.py", line 30, in sleep_seconds
    pprint(kwargs)
NameError: name 'pprint' is not defined
[2021-07-08 07:17:13,649] {taskinstance.py:1531} INFO - Marking task as FAILED. dag_id=batch, task_id=pythonoperator, execution_date=20210301T071500, start_date=20210708T071713, end_date=20210708T071713
[2021-07-08 07:17:13,684] {local_task_job.py:151} INFO - Task exited with return code 1
