[2021-06-30 08:51:50,748] {taskinstance.py:876} INFO - Dependencies all met for <TaskInstance: hello_world.hello_task 2021-06-29T03:00:00+00:00 [queued]>
[2021-06-30 08:51:50,757] {taskinstance.py:876} INFO - Dependencies all met for <TaskInstance: hello_world.hello_task 2021-06-29T03:00:00+00:00 [queued]>
[2021-06-30 08:51:50,758] {taskinstance.py:1067} INFO - 
--------------------------------------------------------------------------------
[2021-06-30 08:51:50,758] {taskinstance.py:1068} INFO - Starting attempt 1 of 1
[2021-06-30 08:51:50,759] {taskinstance.py:1069} INFO - 
--------------------------------------------------------------------------------
[2021-06-30 08:51:50,768] {taskinstance.py:1087} INFO - Executing <Task(PythonOperator): hello_task> on 2021-06-29T03:00:00+00:00
[2021-06-30 08:51:50,773] {standard_task_runner.py:52} INFO - Started process 2347 to run task
[2021-06-30 08:51:50,776] {standard_task_runner.py:76} INFO - Running: ['airflow', 'tasks', 'run', 'hello_world', 'hello_task', '2021-06-29T03:00:00+00:00', '--job-id', '3', '--pool', 'default_pool', '--raw', '--subdir', 'DAGS_FOLDER/hello.py', '--cfg-path', '/tmp/tmp95y4mqtt', '--error-file', '/tmp/tmpap7cb8_1']
[2021-06-30 08:51:50,778] {standard_task_runner.py:77} INFO - Job 3: Subtask hello_task
[2021-06-30 08:51:50,806] {logging_mixin.py:104} INFO - Running <TaskInstance: hello_world.hello_task 2021-06-29T03:00:00+00:00 [running]> on host e32b840d1ded
[2021-06-30 08:51:50,841] {taskinstance.py:1282} INFO - Exporting the following env vars:
AIRFLOW_CTX_DAG_OWNER=airflow
AIRFLOW_CTX_DAG_ID=hello_world
AIRFLOW_CTX_TASK_ID=hello_task
AIRFLOW_CTX_EXECUTION_DATE=2021-06-29T03:00:00+00:00
AIRFLOW_CTX_DAG_RUN_ID=scheduled__2021-06-29T03:00:00+00:00
[2021-06-30 08:51:50,842] {python.py:151} INFO - Done. Returned value was: Hello world!
[2021-06-30 08:51:50,860] {taskinstance.py:1191} INFO - Marking task as SUCCESS. dag_id=hello_world, task_id=hello_task, execution_date=20210629T03***, start_date=20210630T085150, end_date=20210630T085150
[2021-06-30 08:51:50,881] {taskinstance.py:1245} INFO - 0 downstream tasks scheduled from follow-on schedule check
[2021-06-30 08:51:50,906] {local_task_job.py:151} INFO - Task exited with return code 0
