[2021-07-02 05:17:09,450] {taskinstance.py:876} INFO - Dependencies all met for <TaskInstance: tutorial.print_date 2021-06-30T00:00:00+00:00 [queued]>
[2021-07-02 05:17:09,456] {taskinstance.py:876} INFO - Dependencies all met for <TaskInstance: tutorial.print_date 2021-06-30T00:00:00+00:00 [queued]>
[2021-07-02 05:17:09,456] {taskinstance.py:1067} INFO - 
--------------------------------------------------------------------------------
[2021-07-02 05:17:09,456] {taskinstance.py:1068} INFO - Starting attempt 1 of 2
[2021-07-02 05:17:09,457] {taskinstance.py:1069} INFO - 
--------------------------------------------------------------------------------
[2021-07-02 05:17:09,466] {taskinstance.py:1087} INFO - Executing <Task(BashOperator): print_date> on 2021-06-30T00:00:00+00:00
[2021-07-02 05:17:09,471] {standard_task_runner.py:52} INFO - Started process 124009 to run task
[2021-07-02 05:17:09,474] {standard_task_runner.py:76} INFO - Running: ['airflow', 'tasks', 'run', 'tutorial', 'print_date', '2021-06-30T00:00:00+00:00', '--job-id', '34', '--pool', 'default_pool', '--raw', '--subdir', '/usr/local/lib/python3.6/dist-packages/airflow/example_dags/tutorial.py', '--cfg-path', '/tmp/tmp_d6i6ylk', '--error-file', '/tmp/tmpfl6hwml5']
[2021-07-02 05:17:09,476] {standard_task_runner.py:77} INFO - Job 34: Subtask print_date
[2021-07-02 05:17:09,505] {logging_mixin.py:104} INFO - Running <TaskInstance: tutorial.print_date 2021-06-30T00:00:00+00:00 [running]> on host 9b3ed935c8bc
[2021-07-02 05:17:09,548] {taskinstance.py:1282} INFO - Exporting the following env vars:
AIRFLOW_CTX_DAG_EMAIL=airflow@example.com
AIRFLOW_CTX_DAG_OWNER=airflow
AIRFLOW_CTX_DAG_ID=tutorial
AIRFLOW_CTX_TASK_ID=print_date
AIRFLOW_CTX_EXECUTION_DATE=2021-06-30T00:00:00+00:00
AIRFLOW_CTX_DAG_RUN_ID=scheduled__2021-06-30T00:00:00+00:00
[2021-07-02 05:17:09,548] {subprocess.py:52} INFO - Tmp dir root location: 
 /tmp
[2021-07-02 05:17:09,549] {subprocess.py:63} INFO - Running command: ['bash', '-c', 'date']
[2021-07-02 05:17:09,558] {subprocess.py:75} INFO - Output:
[2021-07-02 05:17:09,561] {subprocess.py:79} INFO - Fri Jul  2 05:17:09 UTC 2021
[2021-07-02 05:17:09,561] {subprocess.py:83} INFO - Command exited with return code 0
[2021-07-02 05:17:09,583] {taskinstance.py:1191} INFO - Marking task as SUCCESS. dag_id=tutorial, task_id=print_date, execution_date=20210630T***00, start_date=20210702T051709, end_date=20210702T051709
[2021-07-02 05:17:09,606] {taskinstance.py:1245} INFO - 2 downstream tasks scheduled from follow-on schedule check
[2021-07-02 05:17:09,645] {local_task_job.py:151} INFO - Task exited with return code 0
