[2021-07-08 03:00:01,500] {taskinstance.py:876} INFO - Dependencies all met for <TaskInstance: hello_world.hello_task 2021-07-07T03:00:00+00:00 [queued]>
[2021-07-08 03:00:01,513] {taskinstance.py:876} INFO - Dependencies all met for <TaskInstance: hello_world.hello_task 2021-07-07T03:00:00+00:00 [queued]>
[2021-07-08 03:00:01,513] {taskinstance.py:1067} INFO - 
--------------------------------------------------------------------------------
[2021-07-08 03:00:01,513] {taskinstance.py:1068} INFO - Starting attempt 1 of 1
[2021-07-08 03:00:01,514] {taskinstance.py:1069} INFO - 
--------------------------------------------------------------------------------
[2021-07-08 03:00:01,519] {taskinstance.py:1087} INFO - Executing <Task(PythonOperator): hello_task> on 2021-07-07T03:00:00+00:00
[2021-07-08 03:00:01,523] {standard_task_runner.py:52} INFO - Started process 25852 to run task
[2021-07-08 03:00:01,526] {standard_task_runner.py:76} INFO - Running: ['airflow', 'tasks', 'run', 'hello_world', 'hello_task', '2021-07-07T03:00:00+00:00', '--job-id', '1562', '--pool', 'default_pool', '--raw', '--subdir', 'DAGS_FOLDER/hello.py', '--cfg-path', '/tmp/tmpn6eibmck', '--error-file', '/tmp/tmpqkt69dbv']
[2021-07-08 03:00:01,527] {standard_task_runner.py:77} INFO - Job 1562: Subtask hello_task
[2021-07-08 03:00:01,555] {logging_mixin.py:104} INFO - Running <TaskInstance: hello_world.hello_task 2021-07-07T03:00:00+00:00 [running]> on host e4c2a6f3dcfb
[2021-07-08 03:00:01,592] {taskinstance.py:1282} INFO - Exporting the following env vars:
AIRFLOW_CTX_DAG_OWNER=airflow
AIRFLOW_CTX_DAG_ID=hello_world
AIRFLOW_CTX_TASK_ID=hello_task
AIRFLOW_CTX_EXECUTION_DATE=2021-07-07T03:00:00+00:00
AIRFLOW_CTX_DAG_RUN_ID=scheduled__2021-07-07T03:00:00+00:00
[2021-07-08 03:00:01,593] {python.py:151} INFO - Done. Returned value was: Hello world!
[2021-07-08 03:00:01,611] {taskinstance.py:1191} INFO - Marking task as SUCCESS. dag_id=hello_world, task_id=hello_task, execution_date=20210707T03***, start_date=20210708T030001, end_date=20210708T030001
[2021-07-08 03:00:01,628] {taskinstance.py:1245} INFO - 0 downstream tasks scheduled from follow-on schedule check
[2021-07-08 03:00:01,657] {local_task_job.py:151} INFO - Task exited with return code 0
