[2021-07-02 04:00:00,299] {taskinstance.py:876} INFO - Dependencies all met for <TaskInstance: latest_only_with_trigger.latest_only 2021-07-02T00:00:00+00:00 [queued]>
[2021-07-02 04:00:00,305] {taskinstance.py:876} INFO - Dependencies all met for <TaskInstance: latest_only_with_trigger.latest_only 2021-07-02T00:00:00+00:00 [queued]>
[2021-07-02 04:00:00,305] {taskinstance.py:1067} INFO - 
--------------------------------------------------------------------------------
[2021-07-02 04:00:00,305] {taskinstance.py:1068} INFO - Starting attempt 1 of 1
[2021-07-02 04:00:00,305] {taskinstance.py:1069} INFO - 
--------------------------------------------------------------------------------
[2021-07-02 04:00:00,313] {taskinstance.py:1087} INFO - Executing <Task(LatestOnlyOperator): latest_only> on 2021-07-02T00:00:00+00:00
[2021-07-02 04:00:00,319] {standard_task_runner.py:52} INFO - Started process 72226 to run task
[2021-07-02 04:00:00,321] {standard_task_runner.py:76} INFO - Running: ['airflow', 'tasks', 'run', 'latest_only_with_trigger', 'latest_only', '2021-07-02T00:00:00+00:00', '--job-id', '33', '--pool', 'default_pool', '--raw', '--subdir', '/usr/local/lib/python3.6/dist-packages/airflow/example_dags/example_latest_only_with_trigger.py', '--cfg-path', '/tmp/tmp19nnbip0', '--error-file', '/tmp/tmp0n7kpp__']
[2021-07-02 04:00:00,322] {standard_task_runner.py:77} INFO - Job 33: Subtask latest_only
[2021-07-02 04:00:00,352] {logging_mixin.py:104} INFO - Running <TaskInstance: latest_only_with_trigger.latest_only 2021-07-02T00:00:00+00:00 [running]> on host 9b3ed935c8bc
[2021-07-02 04:00:00,390] {taskinstance.py:1282} INFO - Exporting the following env vars:
AIRFLOW_CTX_DAG_OWNER=airflow
AIRFLOW_CTX_DAG_ID=latest_only_with_trigger
AIRFLOW_CTX_TASK_ID=latest_only
AIRFLOW_CTX_EXECUTION_DATE=2021-07-02T00:00:00+00:00
AIRFLOW_CTX_DAG_RUN_ID=scheduled__2021-07-02T00:00:00+00:00
[2021-07-02 04:00:00,390] {latest_only.py:57} INFO - Checking latest only with left_window: 2021-07-02T04:00:00+00:00 right_window: 2021-07-02T08:00:00+00:00 now: 2021-07-02T04:00:00.390455+00:00
[2021-07-02 04:00:00,390] {latest_only.py:66} INFO - Latest, allowing execution to proceed.
[2021-07-02 04:00:00,390] {skipmixin.py:124} INFO - Following branch ['task1']
[2021-07-02 04:00:00,395] {skipmixin.py:155} INFO - Skipping tasks []
[2021-07-02 04:00:00,429] {taskinstance.py:1191} INFO - Marking task as SUCCESS. dag_id=latest_only_with_trigger, task_id=latest_only, execution_date=20210702T***00, start_date=20210702T04***, end_date=20210702T04***
[2021-07-02 04:00:00,457] {taskinstance.py:1245} INFO - 1 downstream tasks scheduled from follow-on schedule check
[2021-07-02 04:00:00,492] {local_task_job.py:151} INFO - Task exited with return code 0
