[2021-07-02 05:17:10,330] {taskinstance.py:876} INFO - Dependencies all met for <TaskInstance: tutorial.sleep 2021-06-30T00:00:00+00:00 [queued]>
[2021-07-02 05:17:10,344] {taskinstance.py:876} INFO - Dependencies all met for <TaskInstance: tutorial.sleep 2021-06-30T00:00:00+00:00 [queued]>
[2021-07-02 05:17:10,344] {taskinstance.py:1067} INFO - 
--------------------------------------------------------------------------------
[2021-07-02 05:17:10,344] {taskinstance.py:1068} INFO - Starting attempt 1 of 4
[2021-07-02 05:17:10,346] {taskinstance.py:1069} INFO - 
--------------------------------------------------------------------------------
[2021-07-02 05:17:10,362] {taskinstance.py:1087} INFO - Executing <Task(BashOperator): sleep> on 2021-06-30T00:00:00+00:00
[2021-07-02 05:17:10,375] {standard_task_runner.py:52} INFO - Started process 124097 to run task
[2021-07-02 05:17:10,381] {standard_task_runner.py:76} INFO - Running: ['airflow', 'tasks', 'run', 'tutorial', 'sleep', '2021-06-30T00:00:00+00:00', '--job-id', '39', '--pool', 'default_pool', '--raw', '--subdir', '/usr/local/lib/python3.6/dist-packages/airflow/example_dags/tutorial.py', '--cfg-path', '/tmp/tmp8u_3xwhp', '--error-file', '/tmp/tmpmdce1i66']
[2021-07-02 05:17:10,383] {standard_task_runner.py:77} INFO - Job 39: Subtask sleep
[2021-07-02 05:17:10,448] {logging_mixin.py:104} INFO - Running <TaskInstance: tutorial.sleep 2021-06-30T00:00:00+00:00 [running]> on host 9b3ed935c8bc
[2021-07-02 05:17:10,525] {taskinstance.py:1282} INFO - Exporting the following env vars:
AIRFLOW_CTX_DAG_EMAIL=airflow@example.com
AIRFLOW_CTX_DAG_OWNER=airflow
AIRFLOW_CTX_DAG_ID=tutorial
AIRFLOW_CTX_TASK_ID=sleep
AIRFLOW_CTX_EXECUTION_DATE=2021-06-30T00:00:00+00:00
AIRFLOW_CTX_DAG_RUN_ID=scheduled__2021-06-30T00:00:00+00:00
[2021-07-02 05:17:10,526] {subprocess.py:52} INFO - Tmp dir root location: 
 /tmp
[2021-07-02 05:17:10,526] {subprocess.py:63} INFO - Running command: ['bash', '-c', 'sleep 5']
[2021-07-02 05:17:10,535] {subprocess.py:75} INFO - Output:
[2021-07-02 05:17:15,537] {subprocess.py:83} INFO - Command exited with return code 0
[2021-07-02 05:17:15,573] {taskinstance.py:1191} INFO - Marking task as SUCCESS. dag_id=tutorial, task_id=sleep, execution_date=20210630T***00, start_date=20210702T051710, end_date=20210702T051715
[2021-07-02 05:17:15,592] {taskinstance.py:1245} INFO - 0 downstream tasks scheduled from follow-on schedule check
[2021-07-02 05:17:15,616] {local_task_job.py:151} INFO - Task exited with return code 0
