[2021-07-02 05:17:09,492] {taskinstance.py:876} INFO - Dependencies all met for <TaskInstance: tutorial.print_date 2021-07-01T00:00:00+00:00 [queued]>
[2021-07-02 05:17:09,499] {taskinstance.py:876} INFO - Dependencies all met for <TaskInstance: tutorial.print_date 2021-07-01T00:00:00+00:00 [queued]>
[2021-07-02 05:17:09,499] {taskinstance.py:1067} INFO - 
--------------------------------------------------------------------------------
[2021-07-02 05:17:09,499] {taskinstance.py:1068} INFO - Starting attempt 1 of 2
[2021-07-02 05:17:09,500] {taskinstance.py:1069} INFO - 
--------------------------------------------------------------------------------
[2021-07-02 05:17:09,510] {taskinstance.py:1087} INFO - Executing <Task(BashOperator): print_date> on 2021-07-01T00:00:00+00:00
[2021-07-02 05:17:09,515] {standard_task_runner.py:52} INFO - Started process 124017 to run task
[2021-07-02 05:17:09,518] {standard_task_runner.py:76} INFO - Running: ['airflow', 'tasks', 'run', 'tutorial', 'print_date', '2021-07-01T00:00:00+00:00', '--job-id', '35', '--pool', 'default_pool', '--raw', '--subdir', '/usr/local/lib/python3.6/dist-packages/airflow/example_dags/tutorial.py', '--cfg-path', '/tmp/tmpteu5r7kz', '--error-file', '/tmp/tmpmr5vapfh']
[2021-07-02 05:17:09,519] {standard_task_runner.py:77} INFO - Job 35: Subtask print_date
[2021-07-02 05:17:09,550] {logging_mixin.py:104} INFO - Running <TaskInstance: tutorial.print_date 2021-07-01T00:00:00+00:00 [running]> on host 9b3ed935c8bc
[2021-07-02 05:17:09,594] {taskinstance.py:1282} INFO - Exporting the following env vars:
AIRFLOW_CTX_DAG_EMAIL=airflow@example.com
AIRFLOW_CTX_DAG_OWNER=airflow
AIRFLOW_CTX_DAG_ID=tutorial
AIRFLOW_CTX_TASK_ID=print_date
AIRFLOW_CTX_EXECUTION_DATE=2021-07-01T00:00:00+00:00
AIRFLOW_CTX_DAG_RUN_ID=scheduled__2021-07-01T00:00:00+00:00
[2021-07-02 05:17:09,594] {subprocess.py:52} INFO - Tmp dir root location: 
 /tmp
[2021-07-02 05:17:09,595] {subprocess.py:63} INFO - Running command: ['bash', '-c', 'date']
[2021-07-02 05:17:09,601] {subprocess.py:75} INFO - Output:
[2021-07-02 05:17:09,602] {subprocess.py:79} INFO - Fri Jul  2 05:17:09 UTC 2021
[2021-07-02 05:17:09,602] {subprocess.py:83} INFO - Command exited with return code 0
[2021-07-02 05:17:09,624] {taskinstance.py:1191} INFO - Marking task as SUCCESS. dag_id=tutorial, task_id=print_date, execution_date=20210701T***00, start_date=20210702T051709, end_date=20210702T051709
[2021-07-02 05:17:09,646] {taskinstance.py:1245} INFO - 2 downstream tasks scheduled from follow-on schedule check
[2021-07-02 05:17:09,689] {local_task_job.py:151} INFO - Task exited with return code 0
