[2021-07-08 07:06:17,766] {taskinstance.py:876} INFO - Dependencies all met for <TaskInstance: batch.task_3 2021-07-08T07:06:17.325930+00:00 [queued]>
[2021-07-08 07:06:17,772] {taskinstance.py:876} INFO - Dependencies all met for <TaskInstance: batch.task_3 2021-07-08T07:06:17.325930+00:00 [queued]>
[2021-07-08 07:06:17,772] {taskinstance.py:1067} INFO - 
--------------------------------------------------------------------------------
[2021-07-08 07:06:17,772] {taskinstance.py:1068} INFO - Starting attempt 1 of 2
[2021-07-08 07:06:17,773] {taskinstance.py:1069} INFO - 
--------------------------------------------------------------------------------
[2021-07-08 07:06:17,785] {taskinstance.py:1087} INFO - Executing <Task(PythonOperator): task_3> on 2021-07-08T07:06:17.325930+00:00
[2021-07-08 07:06:17,789] {standard_task_runner.py:52} INFO - Started process 49086 to run task
[2021-07-08 07:06:17,793] {standard_task_runner.py:76} INFO - Running: ['airflow', 'tasks', 'run', 'batch', 'task_3', '2021-07-08T07:06:17.325930+00:00', '--job-id', '1587', '--pool', 'default_pool', '--raw', '--subdir', 'DAGS_FOLDER/Batch_test_operators.py', '--cfg-path', '/tmp/tmp1gjxlkgo', '--error-file', '/tmp/tmp9blhkgbo']
[2021-07-08 07:06:17,796] {standard_task_runner.py:77} INFO - Job 1587: Subtask task_3
[2021-07-08 07:06:17,828] {logging_mixin.py:104} INFO - Running <TaskInstance: batch.task_3 2021-07-08T07:06:17.325930+00:00 [running]> on host e4c2a6f3dcfb
[2021-07-08 07:06:17,876] {taskinstance.py:1282} INFO - Exporting the following env vars:
AIRFLOW_CTX_DAG_EMAIL=airflow@airflow.com
AIRFLOW_CTX_DAG_OWNER=airflow
AIRFLOW_CTX_DAG_ID=batch
AIRFLOW_CTX_TASK_ID=task_3
AIRFLOW_CTX_EXECUTION_DATE=2021-07-08T07:06:17.325930+00:00
AIRFLOW_CTX_DAG_RUN_ID=manual__2021-07-08T07:06:17.325930+00:00
[2021-07-08 07:06:17,876] {logging_mixin.py:104} INFO - ============================================================
[2021-07-08 07:06:17,876] {logging_mixin.py:104} INFO - seconds:10
[2021-07-08 07:06:17,876] {logging_mixin.py:104} INFO - ============================================================
[2021-07-08 07:06:17,877] {taskinstance.py:1481} ERROR - Task failed with exception
Traceback (most recent call last):
  File "/usr/local/lib/python3.6/dist-packages/airflow/models/taskinstance.py", line 1137, in _run_raw_task
    self._prepare_and_execute_task_with_callbacks(context, task)
  File "/usr/local/lib/python3.6/dist-packages/airflow/models/taskinstance.py", line 1311, in _prepare_and_execute_task_with_callbacks
    result = self._execute_task(context, task_copy)
  File "/usr/local/lib/python3.6/dist-packages/airflow/models/taskinstance.py", line 1341, in _execute_task
    result = task_copy.execute(context=context)
  File "/usr/local/lib/python3.6/dist-packages/airflow/operators/python.py", line 150, in execute
    return_value = self.execute_callable()
  File "/usr/local/lib/python3.6/dist-packages/airflow/operators/python.py", line 161, in execute_callable
    return self.python_callable(*self.op_args, **self.op_kwargs)
  File "/home/pyspark/airflow/dags/Batch_test_operators.py", line 30, in sleep_seconds
    pprint(kwargs)
NameError: name 'pprint' is not defined
[2021-07-08 07:06:17,879] {taskinstance.py:1531} INFO - Marking task as UP_FOR_RETRY. dag_id=batch, task_id=task_3, execution_date=20210708T070617, start_date=20210708T070617, end_date=20210708T070617
[2021-07-08 07:06:17,924] {local_task_job.py:151} INFO - Task exited with return code 1
