[2021-07-08 07:11:18,275] {taskinstance.py:876} INFO - Dependencies all met for <TaskInstance: batch.task_3 2021-07-08T07:06:17.325930+00:00 [queued]>
[2021-07-08 07:11:18,289] {taskinstance.py:876} INFO - Dependencies all met for <TaskInstance: batch.task_3 2021-07-08T07:06:17.325930+00:00 [queued]>
[2021-07-08 07:11:18,289] {taskinstance.py:1067} INFO - 
--------------------------------------------------------------------------------
[2021-07-08 07:11:18,289] {taskinstance.py:1068} INFO - Starting attempt 2 of 2
[2021-07-08 07:11:18,290] {taskinstance.py:1069} INFO - 
--------------------------------------------------------------------------------
[2021-07-08 07:11:18,294] {taskinstance.py:1087} INFO - Executing <Task(PythonOperator): task_3> on 2021-07-08T07:06:17.325930+00:00
[2021-07-08 07:11:18,299] {standard_task_runner.py:52} INFO - Started process 49726 to run task
[2021-07-08 07:11:18,301] {standard_task_runner.py:76} INFO - Running: ['airflow', 'tasks', 'run', 'batch', 'task_3', '2021-07-08T07:06:17.325930+00:00', '--job-id', '1588', '--pool', 'default_pool', '--raw', '--subdir', 'DAGS_FOLDER/Batch_test_operators.py', '--cfg-path', '/tmp/tmph57z8fw5', '--error-file', '/tmp/tmpwg4qugkc']
[2021-07-08 07:11:18,302] {standard_task_runner.py:77} INFO - Job 1588: Subtask task_3
[2021-07-08 07:11:18,328] {logging_mixin.py:104} INFO - Running <TaskInstance: batch.task_3 2021-07-08T07:06:17.325930+00:00 [running]> on host e4c2a6f3dcfb
[2021-07-08 07:11:18,374] {taskinstance.py:1282} INFO - Exporting the following env vars:
AIRFLOW_CTX_DAG_EMAIL=airflow@airflow.com
AIRFLOW_CTX_DAG_OWNER=airflow
AIRFLOW_CTX_DAG_ID=batch
AIRFLOW_CTX_TASK_ID=task_3
AIRFLOW_CTX_EXECUTION_DATE=2021-07-08T07:06:17.325930+00:00
AIRFLOW_CTX_DAG_RUN_ID=manual__2021-07-08T07:06:17.325930+00:00
[2021-07-08 07:11:18,374] {logging_mixin.py:104} INFO - ============================================================
[2021-07-08 07:11:18,375] {logging_mixin.py:104} INFO - seconds:10
[2021-07-08 07:11:18,375] {logging_mixin.py:104} INFO - ============================================================
[2021-07-08 07:11:18,375] {taskinstance.py:1481} ERROR - Task failed with exception
Traceback (most recent call last):
  File "/usr/local/lib/python3.6/dist-packages/airflow/models/taskinstance.py", line 1137, in _run_raw_task
    self._prepare_and_execute_task_with_callbacks(context, task)
  File "/usr/local/lib/python3.6/dist-packages/airflow/models/taskinstance.py", line 1311, in _prepare_and_execute_task_with_callbacks
    result = self._execute_task(context, task_copy)
  File "/usr/local/lib/python3.6/dist-packages/airflow/models/taskinstance.py", line 1341, in _execute_task
    result = task_copy.execute(context=context)
  File "/usr/local/lib/python3.6/dist-packages/airflow/operators/python.py", line 150, in execute
    return_value = self.execute_callable()
  File "/usr/local/lib/python3.6/dist-packages/airflow/operators/python.py", line 161, in execute_callable
    return self.python_callable(*self.op_args, **self.op_kwargs)
  File "/home/pyspark/airflow/dags/Batch_test_operators.py", line 30, in sleep_seconds
    pprint(kwargs)
NameError: name 'pprint' is not defined
[2021-07-08 07:11:18,376] {taskinstance.py:1531} INFO - Marking task as FAILED. dag_id=batch, task_id=task_3, execution_date=20210708T070617, start_date=20210708T071118, end_date=20210708T071118
[2021-07-08 07:11:18,392] {local_task_job.py:151} INFO - Task exited with return code 1
