[2021-07-02 05:17:10,322] {taskinstance.py:876} INFO - Dependencies all met for <TaskInstance: tutorial.sleep 2021-07-01T00:00:00+00:00 [queued]>
[2021-07-02 05:17:10,334] {taskinstance.py:876} INFO - Dependencies all met for <TaskInstance: tutorial.sleep 2021-07-01T00:00:00+00:00 [queued]>
[2021-07-02 05:17:10,334] {taskinstance.py:1067} INFO - 
--------------------------------------------------------------------------------
[2021-07-02 05:17:10,334] {taskinstance.py:1068} INFO - Starting attempt 1 of 4
[2021-07-02 05:17:10,336] {taskinstance.py:1069} INFO - 
--------------------------------------------------------------------------------
[2021-07-02 05:17:10,354] {taskinstance.py:1087} INFO - Executing <Task(BashOperator): sleep> on 2021-07-01T00:00:00+00:00
[2021-07-02 05:17:10,364] {standard_task_runner.py:52} INFO - Started process 124094 to run task
[2021-07-02 05:17:10,377] {standard_task_runner.py:76} INFO - Running: ['airflow', 'tasks', 'run', 'tutorial', 'sleep', '2021-07-01T00:00:00+00:00', '--job-id', '37', '--pool', 'default_pool', '--raw', '--subdir', '/usr/local/lib/python3.6/dist-packages/airflow/example_dags/tutorial.py', '--cfg-path', '/tmp/tmpk5mrcf__', '--error-file', '/tmp/tmp7_z8lk8i']
[2021-07-02 05:17:10,380] {standard_task_runner.py:77} INFO - Job 37: Subtask sleep
[2021-07-02 05:17:10,435] {logging_mixin.py:104} INFO - Running <TaskInstance: tutorial.sleep 2021-07-01T00:00:00+00:00 [running]> on host 9b3ed935c8bc
[2021-07-02 05:17:10,505] {taskinstance.py:1282} INFO - Exporting the following env vars:
AIRFLOW_CTX_DAG_EMAIL=airflow@example.com
AIRFLOW_CTX_DAG_OWNER=airflow
AIRFLOW_CTX_DAG_ID=tutorial
AIRFLOW_CTX_TASK_ID=sleep
AIRFLOW_CTX_EXECUTION_DATE=2021-07-01T00:00:00+00:00
AIRFLOW_CTX_DAG_RUN_ID=scheduled__2021-07-01T00:00:00+00:00
[2021-07-02 05:17:10,507] {subprocess.py:52} INFO - Tmp dir root location: 
 /tmp
[2021-07-02 05:17:10,507] {subprocess.py:63} INFO - Running command: ['bash', '-c', 'sleep 5']
[2021-07-02 05:17:10,517] {subprocess.py:75} INFO - Output:
[2021-07-02 05:17:15,520] {subprocess.py:83} INFO - Command exited with return code 0
[2021-07-02 05:17:15,566] {taskinstance.py:1191} INFO - Marking task as SUCCESS. dag_id=tutorial, task_id=sleep, execution_date=20210701T***00, start_date=20210702T051710, end_date=20210702T051715
[2021-07-02 05:17:15,584] {taskinstance.py:1245} INFO - 0 downstream tasks scheduled from follow-on schedule check
[2021-07-02 05:17:15,616] {local_task_job.py:151} INFO - Task exited with return code 0
