[2021-07-08 02:48:16,462] {taskinstance.py:876} INFO - Dependencies all met for <TaskInstance: my_python_dag.task_4 2021-07-07T00:00:00+00:00 [queued]>
[2021-07-08 02:48:16,491] {taskinstance.py:876} INFO - Dependencies all met for <TaskInstance: my_python_dag.task_4 2021-07-07T00:00:00+00:00 [queued]>
[2021-07-08 02:48:16,492] {taskinstance.py:1067} INFO - 
--------------------------------------------------------------------------------
[2021-07-08 02:48:16,492] {taskinstance.py:1068} INFO - Starting attempt 1 of 1
[2021-07-08 02:48:16,493] {taskinstance.py:1069} INFO - 
--------------------------------------------------------------------------------
[2021-07-08 02:48:16,501] {taskinstance.py:1087} INFO - Executing <Task(PythonOperator): task_4> on 2021-07-07T00:00:00+00:00
[2021-07-08 02:48:16,514] {standard_task_runner.py:52} INFO - Started process 1250 to run task
[2021-07-08 02:48:16,518] {standard_task_runner.py:76} INFO - Running: ['airflow', 'tasks', 'run', 'my_python_dag', 'task_4', '2021-07-07T00:00:00+00:00', '--job-id', '643', '--pool', 'default_pool', '--raw', '--subdir', 'DAGS_FOLDER/my_python_op.py', '--cfg-path', '/tmp/tmpok1mucf4', '--error-file', '/tmp/tmpfvd5z76t']
[2021-07-08 02:48:16,527] {standard_task_runner.py:77} INFO - Job 643: Subtask task_4
[2021-07-08 02:48:16,612] {logging_mixin.py:104} INFO - Running <TaskInstance: my_python_dag.task_4 2021-07-07T00:00:00+00:00 [running]> on host e4c2a6f3dcfb
[2021-07-08 02:48:16,710] {taskinstance.py:1282} INFO - Exporting the following env vars:
AIRFLOW_CTX_DAG_OWNER=jovyan
AIRFLOW_CTX_DAG_ID=my_python_dag
AIRFLOW_CTX_TASK_ID=task_4
AIRFLOW_CTX_EXECUTION_DATE=2021-07-07T00:00:00+00:00
AIRFLOW_CTX_DAG_RUN_ID=scheduled__2021-07-07T00:00:00+00:00
[2021-07-08 02:48:16,711] {logging_mixin.py:104} INFO - ============================================================
[2021-07-08 02:48:16,712] {logging_mixin.py:104} INFO - fruit_name: cherry
[2021-07-08 02:48:16,712] {logging_mixin.py:104} INFO - ============================================================
[2021-07-08 02:48:16,741] {logging_mixin.py:104} INFO - {'conf': <airflow.configuration.AirflowConfigParser object at 0x7f26132e3908>,
 'dag': <DAG: my_python_dag>,
 'dag_run': <DagRun my_python_dag @ 2021-07-07 00:00:00+00:00: scheduled__2021-07-07T00:00:00+00:00, externally triggered: False>,
 'ds': '2021-07-07',
 'ds_nodash': '20210707',
 'execution_date': DateTime(2021, 7, 7, 0, 0, 0, tzinfo=Timezone('+00:00')),
 'inlets': [],
 'macros': <module 'airflow.macros' from '/usr/local/lib/python3.6/dist-packages/airflow/macros/__init__.py'>,
 'next_ds': '2021-07-08',
 'next_ds_nodash': '20210708',
 'next_execution_date': DateTime(2021, 7, 8, 0, 0, 0, tzinfo=Timezone('UTC')),
 'outlets': [],
 'params': {},
 'prev_ds': '2021-07-06',
 'prev_ds_nodash': '20210706',
 'prev_execution_date': DateTime(2021, 7, 6, 0, 0, 0, tzinfo=Timezone('UTC')),
 'prev_execution_date_success': <Proxy at 0x7f26077b1688 with factory <function TaskInstance.get_template_context.<locals>.<lambda> at 0x7f260774ad08>>,
 'prev_start_date_success': <Proxy at 0x7f26077a4888 with factory <function TaskInstance.get_template_context.<locals>.<lambda> at 0x7f26077658c8>>,
 'run_id': 'scheduled__2021-07-07T00:00:00+00:00',
 'task': <Task(PythonOperator): task_4>,
 'task_instance': <TaskInstance: my_python_dag.task_4 2021-07-07T00:00:00+00:00 [running]>,
 'task_instance_key_str': 'my_python_dag__task_4__20210707',
 'templates_dict': None,
 'test_mode': False,
 'ti': <TaskInstance: my_python_dag.task_4 2021-07-07T00:00:00+00:00 [running]>,
 'tomorrow_ds': '2021-07-08',
 'tomorrow_ds_nodash': '20210708',
 'ts': '2021-07-07T00:00:00+00:00',
 'ts_nodash': '20210707T***00',
 'ts_nodash_with_tz': '20210707T***00+***',
 'var': {'json': None, 'value': None},
 'yesterday_ds': '2021-07-06',
 'yesterday_ds_nodash': '20210706'}
[2021-07-08 02:48:16,741] {logging_mixin.py:104} INFO - ============================================================
[2021-07-08 02:48:16,742] {python.py:151} INFO - Done. Returned value was: print complete!!!
[2021-07-08 02:48:16,782] {taskinstance.py:1191} INFO - Marking task as SUCCESS. dag_id=my_python_dag, task_id=task_4, execution_date=20210707T***00, start_date=20210708T024816, end_date=20210708T024816
[2021-07-08 02:48:16,813] {taskinstance.py:1245} INFO - 0 downstream tasks scheduled from follow-on schedule check
[2021-07-08 02:48:16,852] {local_task_job.py:151} INFO - Task exited with return code 0
