[2021-07-08 07:17:10,876] {taskinstance.py:876} INFO - Dependencies all met for <TaskInstance: batch.pythonoperator 2018-11-01T07:15:00+00:00 [queued]>
[2021-07-08 07:17:10,893] {taskinstance.py:876} INFO - Dependencies all met for <TaskInstance: batch.pythonoperator 2018-11-01T07:15:00+00:00 [queued]>
[2021-07-08 07:17:10,893] {taskinstance.py:1067} INFO - 
--------------------------------------------------------------------------------
[2021-07-08 07:17:10,893] {taskinstance.py:1068} INFO - Starting attempt 1 of 1
[2021-07-08 07:17:10,894] {taskinstance.py:1069} INFO - 
--------------------------------------------------------------------------------
[2021-07-08 07:17:10,900] {taskinstance.py:1087} INFO - Executing <Task(PythonOperator): pythonoperator> on 2018-11-01T07:15:00+00:00
[2021-07-08 07:17:10,906] {standard_task_runner.py:52} INFO - Started process 51506 to run task
[2021-07-08 07:17:10,908] {standard_task_runner.py:76} INFO - Running: ['airflow', 'tasks', 'run', 'batch', 'pythonoperator', '2018-11-01T07:15:00+00:00', '--job-id', '1611', '--pool', 'default_pool', '--raw', '--subdir', 'DAGS_FOLDER/Batch_test_operators.py', '--cfg-path', '/tmp/tmphhauh867', '--error-file', '/tmp/tmpmhdyw88f']
[2021-07-08 07:17:10,910] {standard_task_runner.py:77} INFO - Job 1611: Subtask pythonoperator
[2021-07-08 07:17:10,946] {logging_mixin.py:104} INFO - Running <TaskInstance: batch.pythonoperator 2018-11-01T07:15:00+00:00 [running]> on host e4c2a6f3dcfb
[2021-07-08 07:17:10,997] {taskinstance.py:1282} INFO - Exporting the following env vars:
AIRFLOW_CTX_DAG_OWNER=airflow
AIRFLOW_CTX_DAG_ID=batch
AIRFLOW_CTX_TASK_ID=pythonoperator
AIRFLOW_CTX_EXECUTION_DATE=2018-11-01T07:15:00+00:00
AIRFLOW_CTX_DAG_RUN_ID=scheduled__2018-11-01T07:15:00+00:00
[2021-07-08 07:17:10,998] {logging_mixin.py:104} INFO - ============================================================
[2021-07-08 07:17:10,998] {logging_mixin.py:104} INFO - seconds:10
[2021-07-08 07:17:10,998] {logging_mixin.py:104} INFO - ============================================================
[2021-07-08 07:17:10,998] {taskinstance.py:1481} ERROR - Task failed with exception
Traceback (most recent call last):
  File "/usr/local/lib/python3.6/dist-packages/airflow/models/taskinstance.py", line 1137, in _run_raw_task
    self._prepare_and_execute_task_with_callbacks(context, task)
  File "/usr/local/lib/python3.6/dist-packages/airflow/models/taskinstance.py", line 1311, in _prepare_and_execute_task_with_callbacks
    result = self._execute_task(context, task_copy)
  File "/usr/local/lib/python3.6/dist-packages/airflow/models/taskinstance.py", line 1341, in _execute_task
    result = task_copy.execute(context=context)
  File "/usr/local/lib/python3.6/dist-packages/airflow/operators/python.py", line 150, in execute
    return_value = self.execute_callable()
  File "/usr/local/lib/python3.6/dist-packages/airflow/operators/python.py", line 161, in execute_callable
    return self.python_callable(*self.op_args, **self.op_kwargs)
  File "/home/pyspark/airflow/dags/Batch_test_operators.py", line 30, in sleep_seconds
    pprint(kwargs)
NameError: name 'pprint' is not defined
[2021-07-08 07:17:11,000] {taskinstance.py:1531} INFO - Marking task as FAILED. dag_id=batch, task_id=pythonoperator, execution_date=20181101T071500, start_date=20210708T071710, end_date=20210708T071710
[2021-07-08 07:17:11,040] {local_task_job.py:151} INFO - Task exited with return code 1
