[2021-07-02 03:26:39,229] {taskinstance.py:876} INFO - Dependencies all met for <TaskInstance: latest_only_with_trigger.latest_only 2021-07-01T08:00:00+00:00 [queued]>
[2021-07-02 03:26:39,240] {taskinstance.py:876} INFO - Dependencies all met for <TaskInstance: latest_only_with_trigger.latest_only 2021-07-01T08:00:00+00:00 [queued]>
[2021-07-02 03:26:39,240] {taskinstance.py:1067} INFO - 
--------------------------------------------------------------------------------
[2021-07-02 03:26:39,240] {taskinstance.py:1068} INFO - Starting attempt 1 of 1
[2021-07-02 03:26:39,241] {taskinstance.py:1069} INFO - 
--------------------------------------------------------------------------------
[2021-07-02 03:26:39,253] {taskinstance.py:1087} INFO - Executing <Task(LatestOnlyOperator): latest_only> on 2021-07-01T08:00:00+00:00
[2021-07-02 03:26:39,260] {standard_task_runner.py:52} INFO - Started process 49719 to run task
[2021-07-02 03:26:39,262] {standard_task_runner.py:76} INFO - Running: ['airflow', 'tasks', 'run', 'latest_only_with_trigger', 'latest_only', '2021-07-01T08:00:00+00:00', '--job-id', '29', '--pool', 'default_pool', '--raw', '--subdir', '/usr/local/lib/python3.6/dist-packages/airflow/example_dags/example_latest_only_with_trigger.py', '--cfg-path', '/tmp/tmpsev58l67', '--error-file', '/tmp/tmpcknb3txk']
[2021-07-02 03:26:39,264] {standard_task_runner.py:77} INFO - Job 29: Subtask latest_only
[2021-07-02 03:26:39,310] {logging_mixin.py:104} INFO - Running <TaskInstance: latest_only_with_trigger.latest_only 2021-07-01T08:00:00+00:00 [running]> on host 9b3ed935c8bc
[2021-07-02 03:26:39,363] {taskinstance.py:1282} INFO - Exporting the following env vars:
AIRFLOW_CTX_DAG_OWNER=airflow
AIRFLOW_CTX_DAG_ID=latest_only_with_trigger
AIRFLOW_CTX_TASK_ID=latest_only
AIRFLOW_CTX_EXECUTION_DATE=2021-07-01T08:00:00+00:00
AIRFLOW_CTX_DAG_RUN_ID=scheduled__2021-07-01T08:00:00+00:00
[2021-07-02 03:26:39,364] {latest_only.py:57} INFO - Checking latest only with left_window: 2021-07-01T12:00:00+00:00 right_window: 2021-07-01T16:00:00+00:00 now: 2021-07-02T03:26:39.364070+00:00
[2021-07-02 03:26:39,364] {latest_only.py:61} INFO - Not latest execution, skipping downstream.
[2021-07-02 03:26:39,364] {skipmixin.py:124} INFO - Following branch []
[2021-07-02 03:26:39,374] {skipmixin.py:155} INFO - Skipping tasks ['task1']
[2021-07-02 03:26:39,422] {taskinstance.py:1191} INFO - Marking task as SUCCESS. dag_id=latest_only_with_trigger, task_id=latest_only, execution_date=20210701T08***, start_date=20210702T032639, end_date=20210702T032639
[2021-07-02 03:26:39,442] {taskinstance.py:1245} INFO - 0 downstream tasks scheduled from follow-on schedule check
[2021-07-02 03:26:39,475] {local_task_job.py:151} INFO - Task exited with return code 0
