[2021-07-02 05:17:10,320] {taskinstance.py:876} INFO - Dependencies all met for <TaskInstance: tutorial.templated 2021-06-30T00:00:00+00:00 [queued]>
[2021-07-02 05:17:10,332] {taskinstance.py:876} INFO - Dependencies all met for <TaskInstance: tutorial.templated 2021-06-30T00:00:00+00:00 [queued]>
[2021-07-02 05:17:10,333] {taskinstance.py:1067} INFO - 
--------------------------------------------------------------------------------
[2021-07-02 05:17:10,333] {taskinstance.py:1068} INFO - Starting attempt 1 of 2
[2021-07-02 05:17:10,334] {taskinstance.py:1069} INFO - 
--------------------------------------------------------------------------------
[2021-07-02 05:17:10,356] {taskinstance.py:1087} INFO - Executing <Task(BashOperator): templated> on 2021-06-30T00:00:00+00:00
[2021-07-02 05:17:10,364] {standard_task_runner.py:52} INFO - Started process 124095 to run task
[2021-07-02 05:17:10,370] {standard_task_runner.py:76} INFO - Running: ['airflow', 'tasks', 'run', 'tutorial', 'templated', '2021-06-30T00:00:00+00:00', '--job-id', '36', '--pool', 'default_pool', '--raw', '--subdir', '/usr/local/lib/python3.6/dist-packages/airflow/example_dags/tutorial.py', '--cfg-path', '/tmp/tmpezbq62f1', '--error-file', '/tmp/tmp393phubw']
[2021-07-02 05:17:10,374] {standard_task_runner.py:77} INFO - Job 36: Subtask templated
[2021-07-02 05:17:10,432] {logging_mixin.py:104} INFO - Running <TaskInstance: tutorial.templated 2021-06-30T00:00:00+00:00 [running]> on host 9b3ed935c8bc
[2021-07-02 05:17:10,501] {taskinstance.py:1282} INFO - Exporting the following env vars:
AIRFLOW_CTX_DAG_EMAIL=airflow@example.com
AIRFLOW_CTX_DAG_OWNER=airflow
AIRFLOW_CTX_DAG_ID=tutorial
AIRFLOW_CTX_TASK_ID=templated
AIRFLOW_CTX_EXECUTION_DATE=2021-06-30T00:00:00+00:00
AIRFLOW_CTX_DAG_RUN_ID=scheduled__2021-06-30T00:00:00+00:00
[2021-07-02 05:17:10,502] {subprocess.py:52} INFO - Tmp dir root location: 
 /tmp
[2021-07-02 05:17:10,503] {subprocess.py:63} INFO - Running command: ['bash', '-c', '\n\n    echo "2021-06-30"\n    echo "2021-07-07"\n    echo "Parameter I passed in"\n\n    echo "2021-06-30"\n    echo "2021-07-07"\n    echo "Parameter I passed in"\n\n    echo "2021-06-30"\n    echo "2021-07-07"\n    echo "Parameter I passed in"\n\n    echo "2021-06-30"\n    echo "2021-07-07"\n    echo "Parameter I passed in"\n\n    echo "2021-06-30"\n    echo "2021-07-07"\n    echo "Parameter I passed in"\n']
[2021-07-02 05:17:10,512] {subprocess.py:75} INFO - Output:
[2021-07-02 05:17:10,513] {subprocess.py:79} INFO - 2021-06-30
[2021-07-02 05:17:10,514] {subprocess.py:79} INFO - 2021-07-07
[2021-07-02 05:17:10,514] {subprocess.py:79} INFO - Parameter I passed in
[2021-07-02 05:17:10,514] {subprocess.py:79} INFO - 2021-06-30
[2021-07-02 05:17:10,514] {subprocess.py:79} INFO - 2021-07-07
[2021-07-02 05:17:10,514] {subprocess.py:79} INFO - Parameter I passed in
[2021-07-02 05:17:10,514] {subprocess.py:79} INFO - 2021-06-30
[2021-07-02 05:17:10,514] {subprocess.py:79} INFO - 2021-07-07
[2021-07-02 05:17:10,514] {subprocess.py:79} INFO - Parameter I passed in
[2021-07-02 05:17:10,514] {subprocess.py:79} INFO - 2021-06-30
[2021-07-02 05:17:10,514] {subprocess.py:79} INFO - 2021-07-07
[2021-07-02 05:17:10,514] {subprocess.py:79} INFO - Parameter I passed in
[2021-07-02 05:17:10,514] {subprocess.py:79} INFO - 2021-06-30
[2021-07-02 05:17:10,514] {subprocess.py:79} INFO - 2021-07-07
[2021-07-02 05:17:10,514] {subprocess.py:79} INFO - Parameter I passed in
[2021-07-02 05:17:10,514] {subprocess.py:83} INFO - Command exited with return code 0
[2021-07-02 05:17:10,542] {taskinstance.py:1191} INFO - Marking task as SUCCESS. dag_id=tutorial, task_id=templated, execution_date=20210630T***00, start_date=20210702T051710, end_date=20210702T051710
[2021-07-02 05:17:10,562] {taskinstance.py:1245} INFO - 0 downstream tasks scheduled from follow-on schedule check
[2021-07-02 05:17:10,583] {local_task_job.py:151} INFO - Task exited with return code 0
