[2021-07-08 03:08:24,378] {taskinstance.py:876} INFO - Dependencies all met for <TaskInstance: my_python_dag.task_2 2021-07-08T03:08:22.795175+00:00 [queued]>
[2021-07-08 03:08:24,392] {taskinstance.py:876} INFO - Dependencies all met for <TaskInstance: my_python_dag.task_2 2021-07-08T03:08:22.795175+00:00 [queued]>
[2021-07-08 03:08:24,392] {taskinstance.py:1067} INFO - 
--------------------------------------------------------------------------------
[2021-07-08 03:08:24,392] {taskinstance.py:1068} INFO - Starting attempt 1 of 1
[2021-07-08 03:08:24,392] {taskinstance.py:1069} INFO - 
--------------------------------------------------------------------------------
[2021-07-08 03:08:24,398] {taskinstance.py:1087} INFO - Executing <Task(PythonOperator): task_2> on 2021-07-08T03:08:22.795175+00:00
[2021-07-08 03:08:24,404] {standard_task_runner.py:52} INFO - Started process 26447 to run task
[2021-07-08 03:08:24,406] {standard_task_runner.py:76} INFO - Running: ['airflow', 'tasks', 'run', 'my_python_dag', 'task_2', '2021-07-08T03:08:22.795175+00:00', '--job-id', '1566', '--pool', 'default_pool', '--raw', '--subdir', 'DAGS_FOLDER/my_python_op.py', '--cfg-path', '/tmp/tmp__efjt9r', '--error-file', '/tmp/tmpxjborq4o']
[2021-07-08 03:08:24,408] {standard_task_runner.py:77} INFO - Job 1566: Subtask task_2
[2021-07-08 03:08:24,436] {logging_mixin.py:104} INFO - Running <TaskInstance: my_python_dag.task_2 2021-07-08T03:08:22.795175+00:00 [running]> on host e4c2a6f3dcfb
[2021-07-08 03:08:24,476] {taskinstance.py:1282} INFO - Exporting the following env vars:
AIRFLOW_CTX_DAG_OWNER=jovyan
AIRFLOW_CTX_DAG_ID=my_python_dag
AIRFLOW_CTX_TASK_ID=task_2
AIRFLOW_CTX_EXECUTION_DATE=2021-07-08T03:08:22.795175+00:00
AIRFLOW_CTX_DAG_RUN_ID=manual__2021-07-08T03:08:22.795175+00:00
[2021-07-08 03:08:24,477] {logging_mixin.py:104} INFO - ============================================================
[2021-07-08 03:08:24,477] {logging_mixin.py:104} INFO - fruit_name: banana
[2021-07-08 03:08:24,477] {logging_mixin.py:104} INFO - ============================================================
[2021-07-08 03:08:24,494] {logging_mixin.py:104} INFO - {'conf': <airflow.configuration.AirflowConfigParser object at 0x7f26132e3908>,
 'dag': <DAG: my_python_dag>,
 'dag_run': <DagRun my_python_dag @ 2021-07-08 03:08:22.795175+00:00: manual__2021-07-08T03:08:22.795175+00:00, externally triggered: True>,
 'ds': '2021-07-08',
 'ds_nodash': '20210708',
 'execution_date': DateTime(2021, 7, 8, 3, 8, 22, 795175, tzinfo=Timezone('+00:00')),
 'inlets': [],
 'macros': <module 'airflow.macros' from '/usr/local/lib/python3.6/dist-packages/airflow/macros/__init__.py'>,
 'next_ds': '2021-07-08',
 'next_ds_nodash': '20210708',
 'next_execution_date': DateTime(2021, 7, 8, 3, 8, 22, 795175, tzinfo=Timezone('+00:00')),
 'outlets': [],
 'params': {},
 'prev_ds': '2021-07-08',
 'prev_ds_nodash': '20210708',
 'prev_execution_date': DateTime(2021, 7, 8, 3, 8, 22, 795175, tzinfo=Timezone('+00:00')),
 'prev_execution_date_success': <Proxy at 0x7f26077acd08 with factory <function TaskInstance.get_template_context.<locals>.<lambda> at 0x7f26077a5048>>,
 'prev_start_date_success': <Proxy at 0x7f2607760548 with factory <function TaskInstance.get_template_context.<locals>.<lambda> at 0x7f2607764950>>,
 'run_id': 'manual__2021-07-08T03:08:22.795175+00:00',
 'task': <Task(PythonOperator): task_2>,
 'task_instance': <TaskInstance: my_python_dag.task_2 2021-07-08T03:08:22.795175+00:00 [running]>,
 'task_instance_key_str': 'my_python_dag__task_2__20210708',
 'templates_dict': None,
 'test_mode': False,
 'ti': <TaskInstance: my_python_dag.task_2 2021-07-08T03:08:22.795175+00:00 [running]>,
 'tomorrow_ds': '2021-07-09',
 'tomorrow_ds_nodash': '20210709',
 'ts': '2021-07-08T03:08:22.795175+00:00',
 'ts_nodash': '20210708T030822',
 'ts_nodash_with_tz': '20210708T030822.795175+***',
 'var': {'json': None, 'value': None},
 'yesterday_ds': '2021-07-07',
 'yesterday_ds_nodash': '20210707'}
[2021-07-08 03:08:24,494] {logging_mixin.py:104} INFO - ============================================================
[2021-07-08 03:08:24,494] {python.py:151} INFO - Done. Returned value was: print complete!!!
[2021-07-08 03:08:24,512] {taskinstance.py:1191} INFO - Marking task as SUCCESS. dag_id=my_python_dag, task_id=task_2, execution_date=20210708T030822, start_date=20210708T030824, end_date=20210708T030824
[2021-07-08 03:08:24,531] {taskinstance.py:1245} INFO - 0 downstream tasks scheduled from follow-on schedule check
[2021-07-08 03:08:24,537] {local_task_job.py:151} INFO - Task exited with return code 0
