[2021-07-08 02:47:45,781] {taskinstance.py:876} INFO - Dependencies all met for <TaskInstance: hello_world.hello_task 2021-07-06T03:00:00+00:00 [queued]>
[2021-07-08 02:47:45,836] {taskinstance.py:876} INFO - Dependencies all met for <TaskInstance: hello_world.hello_task 2021-07-06T03:00:00+00:00 [queued]>
[2021-07-08 02:47:45,836] {taskinstance.py:1067} INFO - 
--------------------------------------------------------------------------------
[2021-07-08 02:47:45,836] {taskinstance.py:1068} INFO - Starting attempt 1 of 1
[2021-07-08 02:47:45,837] {taskinstance.py:1069} INFO - 
--------------------------------------------------------------------------------
[2021-07-08 02:47:45,856] {taskinstance.py:1087} INFO - Executing <Task(PythonOperator): hello_task> on 2021-07-06T03:00:00+00:00
[2021-07-08 02:47:45,871] {standard_task_runner.py:52} INFO - Started process 890 to run task
[2021-07-08 02:47:45,882] {standard_task_runner.py:76} INFO - Running: ['airflow', 'tasks', 'run', 'hello_world', 'hello_task', '2021-07-06T03:00:00+00:00', '--job-id', '637', '--pool', 'default_pool', '--raw', '--subdir', 'DAGS_FOLDER/hello.py', '--cfg-path', '/tmp/tmp9tvnb5mu', '--error-file', '/tmp/tmpuey7wqsp']
[2021-07-08 02:47:45,886] {standard_task_runner.py:77} INFO - Job 637: Subtask hello_task
[2021-07-08 02:47:45,999] {logging_mixin.py:104} INFO - Running <TaskInstance: hello_world.hello_task 2021-07-06T03:00:00+00:00 [running]> on host e4c2a6f3dcfb
[2021-07-08 02:47:46,103] {taskinstance.py:1282} INFO - Exporting the following env vars:
AIRFLOW_CTX_DAG_OWNER=airflow
AIRFLOW_CTX_DAG_ID=hello_world
AIRFLOW_CTX_TASK_ID=hello_task
AIRFLOW_CTX_EXECUTION_DATE=2021-07-06T03:00:00+00:00
AIRFLOW_CTX_DAG_RUN_ID=scheduled__2021-07-06T03:00:00+00:00
[2021-07-08 02:47:46,103] {python.py:151} INFO - Done. Returned value was: Hello world!
[2021-07-08 02:47:46,160] {taskinstance.py:1191} INFO - Marking task as SUCCESS. dag_id=hello_world, task_id=hello_task, execution_date=20210706T03***, start_date=20210708T024745, end_date=20210708T024746
[2021-07-08 02:47:46,185] {taskinstance.py:1245} INFO - 0 downstream tasks scheduled from follow-on schedule check
[2021-07-08 02:47:46,222] {local_task_job.py:151} INFO - Task exited with return code 0
